This is pdfTeX, Version 3.14159265-2.6-1.40.16 (MiKTeX 2.9) (preloaded format=pdflatex 2016.4.15)  14 MAY 2016 22:34
entering extended mode
**./Pavol_Martis.tex
(Pavol_Martis.tex
LaTeX2e <2015/10/01> patch level 2
Babel <3.9n> and hyphenation patterns for 69 languages loaded.
("C:\Program Files (x86)\MiKTeX 2.9\tex\latex\base\book.cls"
Document Class: book 2014/09/29 v1.4h Standard LaTeX document class
("C:\Program Files (x86)\MiKTeX 2.9\tex\latex\base\bk12.clo"
File: bk12.clo 2014/09/29 v1.4h Standard LaTeX file (size option)
)
\c@part=\count79
\c@chapter=\count80
\c@section=\count81
\c@subsection=\count82
\c@subsubsection=\count83
\c@paragraph=\count84
\c@subparagraph=\count85
\c@figure=\count86
\c@table=\count87
\abovecaptionskip=\skip41
\belowcaptionskip=\skip42
\bibindent=\dimen102
)
("C:\Program Files (x86)\MiKTeX 2.9\tex\latex\geometry\geometry.sty"
Package: geometry 2010/09/12 v5.6 Page Geometry

("C:\Program Files (x86)\MiKTeX 2.9\tex\latex\graphics\keyval.sty"
Package: keyval 2014/10/28 v1.15 key=value parser (DPC)
\KV@toks@=\toks14
)
("C:\Program Files (x86)\MiKTeX 2.9\tex\generic\oberdiek\ifpdf.sty"
Package: ifpdf 2011/01/30 v2.3 Provides the ifpdf switch (HO)
Package ifpdf Info: pdfTeX in PDF mode is detected.
)
("C:\Program Files (x86)\MiKTeX 2.9\tex\generic\oberdiek\ifvtex.sty"
Package: ifvtex 2010/03/01 v1.5 Detect VTeX and its facilities (HO)
Package ifvtex Info: VTeX not detected.
)
("C:\Program Files (x86)\MiKTeX 2.9\tex\generic\ifxetex\ifxetex.sty"
Package: ifxetex 2010/09/12 v0.6 Provides ifxetex conditional
)
\Gm@cnth=\count88
\Gm@cntv=\count89
\c@Gm@tempcnt=\count90
\Gm@bindingoffset=\dimen103
\Gm@wd@mp=\dimen104
\Gm@odd@mp=\dimen105
\Gm@even@mp=\dimen106
\Gm@layoutwidth=\dimen107
\Gm@layoutheight=\dimen108
\Gm@layouthoffset=\dimen109
\Gm@layoutvoffset=\dimen110
\Gm@dimlist=\toks15

("C:\Program Files (x86)\MiKTeX 2.9\tex\latex\geometry\geometry.cfg"))
("C:\Program Files (x86)\MiKTeX 2.9\tex\latex\base\inputenc.sty"
Package: inputenc 2015/03/17 v1.2c Input encoding file
\inpenc@prehook=\toks16
\inpenc@posthook=\toks17

("C:\Program Files (x86)\MiKTeX 2.9\tex\latex\base\utf8.def"
File: utf8.def 2015/09/07 v1.1p UTF-8 support for inputenc
Now handling font encoding OML ...
... no UTF-8 mapping file for font encoding OML
Now handling font encoding T1 ...
... processing UTF-8 mapping file for font encoding T1

("C:\Program Files (x86)\MiKTeX 2.9\tex\latex\base\t1enc.dfu"
File: t1enc.dfu 2015/09/07 v1.1p UTF-8 support for inputenc
   defining Unicode char U+00A0 (decimal 160)
   defining Unicode char U+00A1 (decimal 161)
   defining Unicode char U+00A3 (decimal 163)
   defining Unicode char U+00AB (decimal 171)
   defining Unicode char U+00AD (decimal 173)
   defining Unicode char U+00BB (decimal 187)
   defining Unicode char U+00BF (decimal 191)
   defining Unicode char U+00C0 (decimal 192)
   defining Unicode char U+00C1 (decimal 193)
   defining Unicode char U+00C2 (decimal 194)
   defining Unicode char U+00C3 (decimal 195)
   defining Unicode char U+00C4 (decimal 196)
   defining Unicode char U+00C5 (decimal 197)
   defining Unicode char U+00C6 (decimal 198)
   defining Unicode char U+00C7 (decimal 199)
   defining Unicode char U+00C8 (decimal 200)
   defining Unicode char U+00C9 (decimal 201)
   defining Unicode char U+00CA (decimal 202)
   defining Unicode char U+00CB (decimal 203)
   defining Unicode char U+00CC (decimal 204)
   defining Unicode char U+00CD (decimal 205)
   defining Unicode char U+00CE (decimal 206)
   defining Unicode char U+00CF (decimal 207)
   defining Unicode char U+00D0 (decimal 208)
   defining Unicode char U+00D1 (decimal 209)
   defining Unicode char U+00D2 (decimal 210)
   defining Unicode char U+00D3 (decimal 211)
   defining Unicode char U+00D4 (decimal 212)
   defining Unicode char U+00D5 (decimal 213)
   defining Unicode char U+00D6 (decimal 214)
   defining Unicode char U+00D8 (decimal 216)
   defining Unicode char U+00D9 (decimal 217)
   defining Unicode char U+00DA (decimal 218)
   defining Unicode char U+00DB (decimal 219)
   defining Unicode char U+00DC (decimal 220)
   defining Unicode char U+00DD (decimal 221)
   defining Unicode char U+00DE (decimal 222)
   defining Unicode char U+00DF (decimal 223)
   defining Unicode char U+00E0 (decimal 224)
   defining Unicode char U+00E1 (decimal 225)
   defining Unicode char U+00E2 (decimal 226)
   defining Unicode char U+00E3 (decimal 227)
   defining Unicode char U+00E4 (decimal 228)
   defining Unicode char U+00E5 (decimal 229)
   defining Unicode char U+00E6 (decimal 230)
   defining Unicode char U+00E7 (decimal 231)
   defining Unicode char U+00E8 (decimal 232)
   defining Unicode char U+00E9 (decimal 233)
   defining Unicode char U+00EA (decimal 234)
   defining Unicode char U+00EB (decimal 235)
   defining Unicode char U+00EC (decimal 236)
   defining Unicode char U+00ED (decimal 237)
   defining Unicode char U+00EE (decimal 238)
   defining Unicode char U+00EF (decimal 239)
   defining Unicode char U+00F0 (decimal 240)
   defining Unicode char U+00F1 (decimal 241)
   defining Unicode char U+00F2 (decimal 242)
   defining Unicode char U+00F3 (decimal 243)
   defining Unicode char U+00F4 (decimal 244)
   defining Unicode char U+00F5 (decimal 245)
   defining Unicode char U+00F6 (decimal 246)
   defining Unicode char U+00F8 (decimal 248)
   defining Unicode char U+00F9 (decimal 249)
   defining Unicode char U+00FA (decimal 250)
   defining Unicode char U+00FB (decimal 251)
   defining Unicode char U+00FC (decimal 252)
   defining Unicode char U+00FD (decimal 253)
   defining Unicode char U+00FE (decimal 254)
   defining Unicode char U+00FF (decimal 255)
   defining Unicode char U+0102 (decimal 258)
   defining Unicode char U+0103 (decimal 259)
   defining Unicode char U+0104 (decimal 260)
   defining Unicode char U+0105 (decimal 261)
   defining Unicode char U+0106 (decimal 262)
   defining Unicode char U+0107 (decimal 263)
   defining Unicode char U+010C (decimal 268)
   defining Unicode char U+010D (decimal 269)
   defining Unicode char U+010E (decimal 270)
   defining Unicode char U+010F (decimal 271)
   defining Unicode char U+0110 (decimal 272)
   defining Unicode char U+0111 (decimal 273)
   defining Unicode char U+0118 (decimal 280)
   defining Unicode char U+0119 (decimal 281)
   defining Unicode char U+011A (decimal 282)
   defining Unicode char U+011B (decimal 283)
   defining Unicode char U+011E (decimal 286)
   defining Unicode char U+011F (decimal 287)
   defining Unicode char U+0130 (decimal 304)
   defining Unicode char U+0131 (decimal 305)
   defining Unicode char U+0132 (decimal 306)
   defining Unicode char U+0133 (decimal 307)
   defining Unicode char U+0139 (decimal 313)
   defining Unicode char U+013A (decimal 314)
   defining Unicode char U+013D (decimal 317)
   defining Unicode char U+013E (decimal 318)
   defining Unicode char U+0141 (decimal 321)
   defining Unicode char U+0142 (decimal 322)
   defining Unicode char U+0143 (decimal 323)
   defining Unicode char U+0144 (decimal 324)
   defining Unicode char U+0147 (decimal 327)
   defining Unicode char U+0148 (decimal 328)
   defining Unicode char U+014A (decimal 330)
   defining Unicode char U+014B (decimal 331)
   defining Unicode char U+0150 (decimal 336)
   defining Unicode char U+0151 (decimal 337)
   defining Unicode char U+0152 (decimal 338)
   defining Unicode char U+0153 (decimal 339)
   defining Unicode char U+0154 (decimal 340)
   defining Unicode char U+0155 (decimal 341)
   defining Unicode char U+0158 (decimal 344)
   defining Unicode char U+0159 (decimal 345)
   defining Unicode char U+015A (decimal 346)
   defining Unicode char U+015B (decimal 347)
   defining Unicode char U+015E (decimal 350)
   defining Unicode char U+015F (decimal 351)
   defining Unicode char U+0160 (decimal 352)
   defining Unicode char U+0161 (decimal 353)
   defining Unicode char U+0162 (decimal 354)
   defining Unicode char U+0163 (decimal 355)
   defining Unicode char U+0164 (decimal 356)
   defining Unicode char U+0165 (decimal 357)
   defining Unicode char U+016E (decimal 366)
   defining Unicode char U+016F (decimal 367)
   defining Unicode char U+0170 (decimal 368)
   defining Unicode char U+0171 (decimal 369)
   defining Unicode char U+0174 (decimal 372)
   defining Unicode char U+0175 (decimal 373)
   defining Unicode char U+0176 (decimal 374)
   defining Unicode char U+0177 (decimal 375)
   defining Unicode char U+0178 (decimal 376)
   defining Unicode char U+0179 (decimal 377)
   defining Unicode char U+017A (decimal 378)
   defining Unicode char U+017B (decimal 379)
   defining Unicode char U+017C (decimal 380)
   defining Unicode char U+017D (decimal 381)
   defining Unicode char U+017E (decimal 382)
   defining Unicode char U+0218 (decimal 536)
   defining Unicode char U+0219 (decimal 537)
   defining Unicode char U+021A (decimal 538)
   defining Unicode char U+021B (decimal 539)
   defining Unicode char U+200C (decimal 8204)
   defining Unicode char U+2013 (decimal 8211)
   defining Unicode char U+2014 (decimal 8212)
   defining Unicode char U+2018 (decimal 8216)
   defining Unicode char U+2019 (decimal 8217)
   defining Unicode char U+201A (decimal 8218)
   defining Unicode char U+201C (decimal 8220)
   defining Unicode char U+201D (decimal 8221)
   defining Unicode char U+201E (decimal 8222)
   defining Unicode char U+2030 (decimal 8240)
   defining Unicode char U+2031 (decimal 8241)
   defining Unicode char U+2039 (decimal 8249)
   defining Unicode char U+203A (decimal 8250)
   defining Unicode char U+2423 (decimal 9251)
)
Now handling font encoding OT1 ...
... processing UTF-8 mapping file for font encoding OT1

("C:\Program Files (x86)\MiKTeX 2.9\tex\latex\base\ot1enc.dfu"
File: ot1enc.dfu 2015/09/07 v1.1p UTF-8 support for inputenc
   defining Unicode char U+00A0 (decimal 160)
   defining Unicode char U+00A1 (decimal 161)
   defining Unicode char U+00A3 (decimal 163)
   defining Unicode char U+00AD (decimal 173)
   defining Unicode char U+00B8 (decimal 184)
   defining Unicode char U+00BF (decimal 191)
   defining Unicode char U+00C5 (decimal 197)
   defining Unicode char U+00C6 (decimal 198)
   defining Unicode char U+00D8 (decimal 216)
   defining Unicode char U+00DF (decimal 223)
   defining Unicode char U+00E6 (decimal 230)
   defining Unicode char U+00EC (decimal 236)
   defining Unicode char U+00ED (decimal 237)
   defining Unicode char U+00EE (decimal 238)
   defining Unicode char U+00EF (decimal 239)
   defining Unicode char U+00F8 (decimal 248)
   defining Unicode char U+0131 (decimal 305)
   defining Unicode char U+0141 (decimal 321)
   defining Unicode char U+0142 (decimal 322)
   defining Unicode char U+0152 (decimal 338)
   defining Unicode char U+0153 (decimal 339)
   defining Unicode char U+0174 (decimal 372)
   defining Unicode char U+0175 (decimal 373)
   defining Unicode char U+0176 (decimal 374)
   defining Unicode char U+0177 (decimal 375)
   defining Unicode char U+0218 (decimal 536)
   defining Unicode char U+0219 (decimal 537)
   defining Unicode char U+021A (decimal 538)
   defining Unicode char U+021B (decimal 539)
   defining Unicode char U+2013 (decimal 8211)
   defining Unicode char U+2014 (decimal 8212)
   defining Unicode char U+2018 (decimal 8216)
   defining Unicode char U+2019 (decimal 8217)
   defining Unicode char U+201C (decimal 8220)
   defining Unicode char U+201D (decimal 8221)
)
Now handling font encoding OMS ...
... processing UTF-8 mapping file for font encoding OMS

("C:\Program Files (x86)\MiKTeX 2.9\tex\latex\base\omsenc.dfu"
File: omsenc.dfu 2015/09/07 v1.1p UTF-8 support for inputenc
   defining Unicode char U+00A7 (decimal 167)
   defining Unicode char U+00B6 (decimal 182)
   defining Unicode char U+00B7 (decimal 183)
   defining Unicode char U+2020 (decimal 8224)
   defining Unicode char U+2021 (decimal 8225)
   defining Unicode char U+2022 (decimal 8226)
)
Now handling font encoding OMX ...
... no UTF-8 mapping file for font encoding OMX
Now handling font encoding U ...
... no UTF-8 mapping file for font encoding U
   defining Unicode char U+00A9 (decimal 169)
   defining Unicode char U+00AA (decimal 170)
   defining Unicode char U+00AE (decimal 174)
   defining Unicode char U+00BA (decimal 186)
   defining Unicode char U+02C6 (decimal 710)
   defining Unicode char U+02DC (decimal 732)
   defining Unicode char U+200C (decimal 8204)
   defining Unicode char U+2026 (decimal 8230)
   defining Unicode char U+2122 (decimal 8482)
   defining Unicode char U+2423 (decimal 9251)
))
("C:\Program Files (x86)\MiKTeX 2.9\tex\latex\base\fontenc.sty"
Package: fontenc 2005/09/27 v1.99g Standard LaTeX package

("C:\Program Files (x86)\MiKTeX 2.9\tex\latex\base\t1enc.def"
File: t1enc.def 2005/09/27 v1.99g Standard LaTeX file
LaTeX Font Info:    Redeclaring font encoding T1 on input line 48.
))
("C:\Program Files (x86)\MiKTeX 2.9\tex\latex\graphics\graphicx.sty"
Package: graphicx 2014/10/28 v1.0g Enhanced LaTeX Graphics (DPC,SPQR)

("C:\Program Files (x86)\MiKTeX 2.9\tex\latex\graphics\graphics.sty"
Package: graphics 2014/10/28 v1.0p Standard LaTeX Graphics (DPC,SPQR)

("C:\Program Files (x86)\MiKTeX 2.9\tex\latex\graphics\trig.sty"
Package: trig 1999/03/16 v1.09 sin cos tan (DPC)
)
("C:\Program Files (x86)\MiKTeX 2.9\tex\latex\00miktex\graphics.cfg"
File: graphics.cfg 2007/01/18 v1.5 graphics configuration of teTeX/TeXLive
)
Package graphics Info: Driver file: pdftex.def on input line 94.

("C:\Program Files (x86)\MiKTeX 2.9\tex\latex\pdftex-def\pdftex.def"
File: pdftex.def 2011/05/27 v0.06d Graphics/color for pdfTeX

("C:\Program Files (x86)\MiKTeX 2.9\tex\generic\oberdiek\infwarerr.sty"
Package: infwarerr 2010/04/08 v1.3 Providing info/warning/error messages (HO)
)
("C:\Program Files (x86)\MiKTeX 2.9\tex\generic\oberdiek\ltxcmds.sty"
Package: ltxcmds 2011/11/09 v1.22 LaTeX kernel commands for general use (HO)
)
\Gread@gobject=\count91
))
\Gin@req@height=\dimen111
\Gin@req@width=\dimen112
)
("C:\Program Files (x86)\MiKTeX 2.9\tex\latex\url\url.sty"
\Urlmuskip=\muskip10
Package: url 2013/09/16  ver 3.4  Verb mode for urls, etc.
)
("C:\Program Files (x86)\MiKTeX 2.9\tex\latex\listings\listings.sty"
\lst@mode=\count92
\lst@gtempboxa=\box26
\lst@token=\toks18
\lst@length=\count93
\lst@currlwidth=\dimen113
\lst@column=\count94
\lst@pos=\count95
\lst@lostspace=\dimen114
\lst@width=\dimen115
\lst@newlines=\count96
\lst@lineno=\count97
\lst@maxwidth=\dimen116

("C:\Program Files (x86)\MiKTeX 2.9\tex\latex\listings\lstmisc.sty"
File: lstmisc.sty 2015/06/04 1.6 (Carsten Heinz)
\c@lstnumber=\count98
\lst@skipnumbers=\count99
\lst@framebox=\box27
)
("C:\Program Files (x86)\MiKTeX 2.9\tex\latex\listings\listings.cfg"
File: listings.cfg 2015/06/04 1.6 listings configuration
))
Package: listings 2015/06/04 1.6 (Carsten Heinz)

("C:\Program Files (x86)\MiKTeX 2.9\tex\generic\babel\babel.sty"
Package: babel 2016/01/08 3.9n The Babel package

*************************************
* Local config file bblopts.cfg used
*
("C:\Program Files (x86)\MiKTeX 2.9\tex\latex\00miktex\bblopts.cfg"
File: bblopts.cfg 2006/07/31 v1.0 MiKTeX 'babel' configuration
)
("C:\Program Files (x86)\MiKTeX 2.9\tex\latex\babel-slovak\slovak.ldf"
Language: slovak 2008/07/06 v3.1a Slovak support from the babel system

("C:\Program Files (x86)\MiKTeX 2.9\tex\generic\babel\babel.def"
File: babel.def 2016/01/08 3.9n Babel common definitions
\babel@savecnt=\count100
\U@D=\dimen117
)
Package babel Info: Making ^ an active character on input line 123.
Package babel Info: Making " an active character on input line 126.
Package babel Info: Making ' an active character on input line 129.
\cs@wordlen=\count101
Package babel Info: Making - an active character on input line 294.
))
("C:\Program Files (x86)\MiKTeX 2.9\tex\latex\tools\tabularx.sty"
Package: tabularx 2014/10/28 v2.10 `tabularx' package (DPC)

("C:\Program Files (x86)\MiKTeX 2.9\tex\latex\tools\array.sty"
Package: array 2014/10/28 v2.4c Tabular extension package (FMi)
\col@sep=\dimen118
\extrarowheight=\dimen119
\NC@list=\toks19
\extratabsurround=\skip43
\backup@length=\skip44
)
\TX@col@width=\dimen120
\TX@old@table=\dimen121
\TX@old@col=\dimen122
\TX@target=\dimen123
\TX@delta=\dimen124
\TX@cols=\count102
\TX@ftn=\toks20
)
("C:\Program Files (x86)\MiKTeX 2.9\tex\latex\fancyhdr\fancyhdr.sty"
\fancy@headwidth=\skip45
\f@ncyO@elh=\skip46
\f@ncyO@erh=\skip47
\f@ncyO@olh=\skip48
\f@ncyO@orh=\skip49
\f@ncyO@elf=\skip50
\f@ncyO@erf=\skip51
\f@ncyO@olf=\skip52
\f@ncyO@orf=\skip53
)
("C:\Program Files (x86)\MiKTeX 2.9\tex\latex\float\float.sty"
Package: float 2001/11/08 v1.3d Float enhancements (AL)
\c@float@type=\count103
\float@exts=\toks21
\float@box=\box28
\@float@everytoks=\toks22
\@floatcapt=\box29
)
("C:\Program Files (x86)\MiKTeX 2.9\tex\latex\graphics\color.sty"
Package: color 2014/10/28 v1.1a Standard LaTeX Color (DPC)

("C:\Program Files (x86)\MiKTeX 2.9\tex\latex\00miktex\color.cfg"
File: color.cfg 2007/01/18 v1.5 color configuration of teTeX/TeXLive
)
Package color Info: Driver file: pdftex.def on input line 142.
)
("C:\Program Files (x86)\MiKTeX 2.9\tex\latex\appendix\appendix.sty"
Package: appendix 2009/09/02 v1.2b extra appendix facilities
\c@@pps=\count104
\c@@ppsavesec=\count105
\c@@ppsaveapp=\count106
)
("C:\Program Files (x86)\MiKTeX 2.9\tex\latex\etoolbox\etoolbox.sty"
Package: etoolbox 2015/08/02 v2.2a e-TeX tools for LaTeX (JAW)
\etb@tempcnta=\count107
)
("C:\Program Files (x86)\MiKTeX 2.9\tex\latex\oberdiek\letltxmacro.sty"
Package: letltxmacro 2010/09/02 v1.4 Let assignment for LaTeX macros (HO)
)
\c@listOfAppendix=\count108

(Pavol_Martis.aux)
\openout1 = `Pavol_Martis.aux'.

LaTeX Font Info:    Checking defaults for OML/cmm/m/it on input line 134.
LaTeX Font Info:    ... okay on input line 134.
LaTeX Font Info:    Checking defaults for T1/cmr/m/n on input line 134.
LaTeX Font Info:    ... okay on input line 134.
LaTeX Font Info:    Checking defaults for OT1/cmr/m/n on input line 134.
LaTeX Font Info:    ... okay on input line 134.
LaTeX Font Info:    Checking defaults for OMS/cmsy/m/n on input line 134.
LaTeX Font Info:    ... okay on input line 134.
LaTeX Font Info:    Checking defaults for OMX/cmex/m/n on input line 134.
LaTeX Font Info:    ... okay on input line 134.
LaTeX Font Info:    Checking defaults for U/cmr/m/n on input line 134.
LaTeX Font Info:    ... okay on input line 134.

*geometry* driver: auto-detecting
*geometry* detected driver: pdftex
*geometry* verbose mode - [ preamble ] result:
* driver: pdftex
* paper: a4paper
* layout: <same size as paper>
* layoutoffset:(h,v)=(0.0pt,0.0pt)
* modes: 
* h-part:(L,W,R)=(99.58464pt, 441.01773pt, 56.9055pt)
* v-part:(T,H,B)=(71.13188pt, 702.78308pt, 71.13188pt)
* \paperwidth=597.50787pt
* \paperheight=845.04684pt
* \textwidth=441.01773pt
* \textheight=702.78308pt
* \oddsidemargin=27.31465pt
* \evensidemargin=27.31465pt
* \topmargin=-33.0119pt
* \headheight=12.0pt
* \headsep=19.8738pt
* \topskip=12.0pt
* \footskip=30.0pt
* \marginparwidth=47.0pt
* \marginparsep=7.0pt
* \columnsep=10.0pt
* \skip\footins=10.8pt plus 4.0pt minus 2.0pt
* \hoffset=0.0pt
* \voffset=0.0pt
* \mag=1000
* \@twocolumnfalse
* \@twosidefalse
* \@mparswitchfalse
* \@reversemarginfalse
* (1in=72.27pt=25.4mm, 1cm=28.453pt)

("C:\Program Files (x86)\MiKTeX 2.9\tex\context\base\supp-pdf.mkii"
[Loading MPS to PDF converter (version 2006.09.02).]
\scratchcounter=\count109
\scratchdimen=\dimen125
\scratchbox=\box30
\nofMPsegments=\count110
\nofMParguments=\count111
\everyMPshowfont=\toks23
\MPscratchCnt=\count112
\MPscratchDim=\dimen126
\MPnumerator=\count113
\makeMPintoPDFobject=\count114
\everyMPtoPDFconversion=\toks24
)
\c@lstlisting=\count115
 [1

{C:/Users/palko/AppData/Local/MiKTeX/2.9/pdftex/config/pdftex.map}]
LaTeX Font Info:    External font `cmex10' loaded for size
(Font)              <12> on input line 182.
LaTeX Font Info:    External font `cmex10' loaded for size
(Font)              <8> on input line 182.
LaTeX Font Info:    External font `cmex10' loaded for size
(Font)              <6> on input line 182.

[2] <images/zadanie.pdf, id=12, 597.51233pt x 845.0471pt>
File: images/zadanie.pdf Graphic file (type pdf)

<use images/zadanie.pdf>
Package pdftex.def Info: images/zadanie.pdf used on input line 224.
(pdftex.def)             Requested size: 485.1222pt x 686.0962pt.

Overfull \hbox (4.82378pt too wide) in paragraph at lines 224--225
[] [] 
 []

[3 <./images/zadanie.pdf>]
Underfull \hbox (badness 10000) in paragraph at lines 242--245

 []


Underfull \hbox (badness 10000) in paragraph at lines 242--245

 []


Underfull \hbox (badness 10000) in paragraph at lines 242--245

 []


Underfull \hbox (badness 10000) in paragraph at lines 242--245

 []


Underfull \hbox (badness 10000) in paragraph at lines 248--250

 []

[4

] [5]

LaTeX Font Warning: Font shape `T1/cmr/bx/n' in size <22> not available
(Font)              size <20.74> substituted on input line 292.


Underfull \hbox (badness 10000) in paragraph at lines 293--296

 []

[6]
Underfull \hbox (badness 10000) in paragraph at lines 330--333

 []


Underfull \hbox (badness 10000) in paragraph at lines 349--358

 []


Underfull \hbox (badness 10000) in paragraph at lines 349--358

 []

[7] (Pavol_Martis.toc [8

])
\tf@toc=\write3
\openout3 = `Pavol_Martis.toc'.

 [9]
Underfull \hbox (badness 10000) in paragraph at lines 400--401

 []


Underfull \hbox (badness 10000) in paragraph at lines 402--419

 []

[10] (Pavol_Martis.lof [1


])
\tf@lof=\write4
\openout4 = `Pavol_Martis.lof'.

 (Pavol_Martis.lot)
\tf@lot=\write5
\openout5 = `Pavol_Martis.lot'.

 [2] (uvod.tex
Overfull \hbox (5.17746pt too wide) in paragraph at lines 2--3
\T1/cmr/m/n/12 Zámerom ba-ka-lár-skej práce je na-vr-hnú´ a im-ple-men-to-va´ s
er-ver ma-naº-mentu rolí vhodný
 []

) (analyza.tex [1


] [2

]
Underfull \hbox (badness 10000) in paragraph at lines 14--15

 []


Underfull \hbox (badness 10000) in paragraph at lines 21--23

 []

LaTeX Font Info:    Try loading font information for OMS+cmr on input line 28.
("C:\Program Files (x86)\MiKTeX 2.9\tex\latex\base\omscmr.fd"
File: omscmr.fd 2014/09/29 v2.5h Standard LaTeX font definitions
)
LaTeX Font Info:    Font shape `OMS/cmr/m/n' in size <12> not available
(Font)              Font shape `OMS/cmsy/m/n' tried instead on input line 28.
 [3]
<images/smerovacie_konstrukcie.png, id=76, 472.76625pt x 344.28625pt>
File: images/smerovacie_konstrukcie.png Graphic file (type png)

<use images/smerovacie_konstrukcie.png>
Package pdftex.def Info: images/smerovacie_konstrukcie.png used on input line 4
9.
(pdftex.def)             Requested size: 220.50887pt x 160.58527pt.
 [4 <./images/smerovacie_konstrukcie.png>] [5]
Underfull \hbox (badness 10000) in paragraph at lines 116--118

 []


Underfull \hbox (badness 10000) in paragraph at lines 119--125

 []

[6] <images/vojvoda.png, id=93, 235.279pt x 142.934pt>
File: images/vojvoda.png Graphic file (type png)

<use images/vojvoda.png>
Package pdftex.def Info: images/vojvoda.png used on input line 138.
(pdftex.def)             Requested size: 176.40439pt x 107.17188pt.
 <images/vojvoda2.png, id=94, 504.284pt x 146.949pt>
File: images/vojvoda2.png Graphic file (type png)

<use images/vojvoda2.png>
Package pdftex.def Info: images/vojvoda2.png used on input line 147.
(pdftex.def)             Requested size: 396.91325pt x 115.66016pt.
 [7 <./images/vojvoda.png>]
<images/and.png, id=100, 437.635pt x 126.874pt>
File: images/and.png Graphic file (type png)
 <use images/and.png>
Package pdftex.def Info: images/and.png used on input line 178.
(pdftex.def)             Requested size: 308.71106pt x 89.49843pt.
 [8 <./images/vojvoda2.png>] <images/or.png, id=105, 455.301pt x 122.859pt>
File: images/or.png Graphic file (type png)

<use images/or.png>
Package pdftex.def Info: images/or.png used on input line 185.
(pdftex.def)             Requested size: 308.71106pt x 83.3049pt.
 <images/iteracia.png, id=106, 533.192pt x 109.208pt>
File: images/iteracia.png Graphic file (type png)

<use images/iteracia.png>
Package pdftex.def Info: images/iteracia.png used on input line 192.
(pdftex.def)             Requested size: 308.71106pt x 63.22902pt.
 [9 <./images/and.png> <./images/or.png> <./images/iteracia.png>] [10]
Overfull \hbox (3.92062pt too wide) in paragraph at lines 223--224
[]\T1/cmr/m/n/12 Bezpe£nos´ au-to-ri-zá-
 []

[11] <images/belapadula.png, id=119, 401.5pt x 230.8625pt>
File: images/belapadula.png Graphic file (type png)

<use images/belapadula.png>
Package pdftex.def Info: images/belapadula.png used on input line 244.
(pdftex.def)             Requested size: 308.71106pt x 177.52159pt.


LaTeX Warning: `h' float specifier changed to `ht'.

[12] <images/rbac_kuhn.png, id=123, 592.2125pt x 170.6375pt>
File: images/rbac_kuhn.png Graphic file (type png)

<use images/rbac_kuhn.png>
Package pdftex.def Info: images/rbac_kuhn.png used on input line 266.
(pdftex.def)             Requested size: 308.71106pt x 88.95331pt.
 [13 <./images/belapadula.png> <./images/rbac_kuhn.png (PNG copy)>] <images/rba
c012.png, id=128, 491.8375pt x 371.3875pt>
File: images/rbac012.png Graphic file (type png)

<use images/rbac012.png>
Package pdftex.def Info: images/rbac012.png used on input line 296.
(pdftex.def)             Requested size: 308.71106pt x 233.11398pt.
 [14 <./images/rbac012.png (PNG copy)>]
<images/rbac_kuhn_full.png, id=132, 732.7375pt x 240.9pt>
File: images/rbac_kuhn_full.png Graphic file (type png)

<use images/rbac_kuhn_full.png>
Package pdftex.def Info: images/rbac_kuhn_full.png used on input line 310.
(pdftex.def)             Requested size: 308.71106pt x 101.49342pt.

<images/hierarchia_priklad.png, id=133, 341.275pt x 411.5375pt>
File: images/hierarchia_priklad.png Graphic file (type png)

<use images/hierarchia_priklad.png>
Package pdftex.def Info: images/hierarchia_priklad.png used on input line 322.
(pdftex.def)             Requested size: 164.57562pt x 198.45662pt.


LaTeX Warning: `h' float specifier changed to `ht'.

[15 <./images/rbac_kuhn_full.png (PNG copy)>] [16 <./images/hierarchia_priklad.
png (PNG copy)>] [17]
<images/rbac_net_cash.png, id=143, 1174.3875pt x 721.69624pt>
File: images/rbac_net_cash.png Graphic file (type png)

<use images/rbac_net_cash.png>
Package pdftex.def Info: images/rbac_net_cash.png used on input line 407.
(pdftex.def)             Requested size: 264.61333pt x 162.6059pt.
) (opis.tex [18 <./images/rbac_net_cash.png>]
Underfull \hbox (badness 10000) in paragraph at lines 12--13

 []


Underfull \hbox (badness 10000) in paragraph at lines 14--15

 []

<images/model_apk.png, id=147, 943.525pt x 682.55pt>
File: images/model_apk.png Graphic file (type png)

<use images/model_apk.png>
Package pdftex.def Info: images/model_apk.png used on input line 20.
(pdftex.def)             Requested size: 396.91325pt x 287.1273pt.


LaTeX Warning: `h' float specifier changed to `ht'.

[19

] <images/vyvoj_role.png, id=152, 973.6375pt x 287.0725pt>
File: images/vyvoj_role.png Graphic file (type png)

<use images/vyvoj_role.png>
Package pdftex.def Info: images/vyvoj_role.png used on input line 38.
(pdftex.def)             Requested size: 396.91325pt x 117.02591pt.

Underfull \hbox (badness 10000) in paragraph at lines 46--47

 []

[20 <./images/model_apk.png> <./images/vyvoj_role.png>]
Underfull \hbox (badness 10000) in paragraph at lines 48--49

 []

<images/referencia.png, id=156, 576.1525pt x 230.8625pt>
File: images/referencia.png Graphic file (type png)

<use images/referencia.png>
Package pdftex.def Info: images/referencia.png used on input line 52.
(pdftex.def)             Requested size: 308.71106pt x 123.7022pt.
 [21 <./images/referencia.png>]
<images/referencia2.png, id=160, 576.1525pt x 307.1475pt>
File: images/referencia2.png Graphic file (type png)

<use images/referencia2.png>
Package pdftex.def Info: images/referencia2.png used on input line 62.
(pdftex.def)             Requested size: 308.71106pt x 164.57771pt.
 [22 <./images/referencia2.png>]
<images/martin.png, id=164, 681.29532pt x 843.90282pt>
File: images/martin.png Graphic file (type png)
 <use images/martin.png>
Package pdftex.def Info: images/martin.png used on input line 79.
(pdftex.def)             Requested size: 308.71106pt x 382.39252pt.

[23 <./images/martin.png>]
<images/tomas.png, id=169, 648.17157pt x 401.24907pt>
File: images/tomas.png Graphic file (type png)
 <use images/tomas.png>
Package pdftex.def Info: images/tomas.png used on input line 91.
(pdftex.def)             Requested size: 308.71106pt x 191.10957pt.

<images/jan1.png, id=170, 650.43pt x 404.26031pt>
File: images/jan1.png Graphic file (type png)
 <use images/jan1.png>
Package pdftex.def Info: images/jan1.png used on input line 103.
(pdftex.def)             Requested size: 308.71106pt x 191.8776pt.


LaTeX Warning: `h' float specifier changed to `ht'.

<images/jan.png, id=171, 671.50874pt x 210.7875pt>
File: images/jan.png Graphic file (type png)
 <use images/jan.png>
Package pdftex.def Info: images/jan.png used on input line 111.
(pdftex.def)             Requested size: 308.71106pt x 96.90553pt.


LaTeX Warning: `h' float specifier changed to `ht'.

[24 <./images/tomas.png>]
<images/kristian.png, id=176, 672.26157pt x 455.45157pt>
File: images/kristian.png Graphic file (type png)

<use images/kristian.png>
Package pdftex.def Info: images/kristian.png used on input line 123.
(pdftex.def)             Requested size: 308.71106pt x 209.14888pt.


LaTeX Warning: `h' float specifier changed to `ht'.

[25 <./images/jan1.png> <./images/jan.png>]
<images/anicka.png, id=183, 1371.1225pt x 672.5125pt>
File: images/anicka.png Graphic file (type png)
 <use images/anicka.png>
Package pdftex.def Info: images/anicka.png used on input line 136.
(pdftex.def)             Requested size: 308.71106pt x 151.41139pt.

[26 <./images/kristian.png>]
<images/kubko.png, id=188, 584.1825pt x 702.625pt>
File: images/kubko.png Graphic file (type png)
 <use images/kubko.png>
Package pdftex.def Info: images/kubko.png used on input line 149.
(pdftex.def)             Requested size: 176.40439pt x 212.17215pt.
)
(opisroli.tex [27 <./images/anicka.png> <./images/kubko.png (PNG copy)>]
[28

] <images/roles_in_petri_model.jpg, id=196, 762.85pt x 401.5pt>
File: images/roles_in_petri_model.jpg Graphic file (type jpg)

<use images/roles_in_petri_model.jpg>
Package pdftex.def Info: images/roles_in_petri_model.jpg used on input line 41.

(pdftex.def)             Requested size: 396.91325pt x 208.8976pt.

Underfull \hbox (badness 10000) in paragraph at lines 47--48

 []

[29 <./images/roles_in_petri_model.jpg>]
<images/user_to_roles.png, id=200, 833.1125pt x 441.65pt>
File: images/user_to_roles.png Graphic file (type png)

<use images/user_to_roles.png>
Package pdftex.def Info: images/user_to_roles.png used on input line 54.
(pdftex.def)             Requested size: 396.91325pt x 210.41264pt.

<images/roles_permissions.png, id=201, 742.775pt x 301.125pt>
File: images/roles_permissions.png Graphic file (type png)

<use images/roles_permissions.png>
Package pdftex.def Info: images/roles_permissions.png used on input line 71.
(pdftex.def)             Requested size: 396.91325pt x 160.91418pt.
 [30 <./images/user_to_roles.png>]
<images/formulare_opravnenia.png, id=205, 296.60812pt x 134.75343pt>
File: images/formulare_opravnenia.png Graphic file (type png)

<use images/formulare_opravnenia.png>
Package pdftex.def Info: images/formulare_opravnenia.png used on input line 99.

(pdftex.def)             Requested size: 176.40439pt x 80.14536pt.
 [31 <./images/roles_permissions.png (PNG copy)>] <images/server_roli_screen.pn
g, id=210, 667.74469pt x 448.67625pt>
File: images/server_roli_screen.png Graphic file (type png)

<use images/server_roli_screen.png>
Package pdftex.def Info: images/server_roli_screen.png used on input line 115.
(pdftex.def)             Requested size: 396.91325pt x 266.7021pt.
 [32 <./images/formulare_opravnenia.png> <./images/server_roli_screen.png>]
<images/role_actions_screen.png, id=216, 398.23781pt x 99.37125pt>
File: images/role_actions_screen.png Graphic file (type png)

<use images/role_actions_screen.png>
Package pdftex.def Info: images/role_actions_screen.png used on input line 125.

(pdftex.def)             Requested size: 220.50887pt x 55.0228pt.

<images/user_detail_screen.png, id=217, 306.39468pt x 342.5297pt>
File: images/user_detail_screen.png Graphic file (type png)

<use images/user_detail_screen.png>
Package pdftex.def Info: images/user_detail_screen.png used on input line 135.
(pdftex.def)             Requested size: 220.50887pt x 246.51665pt.

<images/one_user_screen2.png, id=218, 657.95813pt x 78.2925pt>
File: images/one_user_screen2.png Graphic file (type png)

<use images/one_user_screen2.png>
Package pdftex.def Info: images/one_user_screen2.png used on input line 142.
(pdftex.def)             Requested size: 441.01773pt x 52.47958pt.


LaTeX Warning: `h' float specifier changed to `ht'.

[33 <./images/role_actions_screen.png> <./images/user_detail_screen.png>]
<images/firm_administration_screen.png, id=224, 302.63063pt x 350.05782pt>
File: images/firm_administration_screen.png Graphic file (type png)

<use images/firm_administration_screen.png>
Package pdftex.def Info: images/firm_administration_screen.png used on input li
ne 152.
(pdftex.def)             Requested size: 220.50887pt x 255.07002pt.

("C:\Program Files (x86)\MiKTeX 2.9\tex\latex\listings\lstlang1.sty"
File: lstlang1.sty 2015/06/04 1.6 listings language file
)
("C:\Program Files (x86)\MiKTeX 2.9\tex\latex\listings\lstmisc.sty"
File: lstmisc.sty 2015/06/04 1.6 (Carsten Heinz)
)
("C:\Program Files (x86)\MiKTeX 2.9\tex\latex\base\utf8.def"
File: utf8.def 2015/09/07 v1.1p UTF-8 support for inputenc
)
LaTeX Font Info:    External font `cmex10' loaded for size
(Font)              <7> on input line 159.
LaTeX Font Info:    External font `cmex10' loaded for size
(Font)              <5> on input line 159.
 [34 <./images/one_user_screen2.png> <./images/firm_administration_screen.png>]

("C:\Program Files (x86)\MiKTeX 2.9\tex\latex\base\utf8.def"
File: utf8.def 2015/09/07 v1.1p UTF-8 support for inputenc
) [35]
<images/roles_permissions_diagram.png, id=234, 447.92343pt x 453.19313pt>
File: images/roles_permissions_diagram.png Graphic file (type png)

<use images/roles_permissions_diagram.png>
Package pdftex.def Info: images/roles_permissions_diagram.png used on input lin
e 226.
(pdftex.def)             Requested size: 308.71106pt x 312.35092pt.

<images/users_to_roles_diagram.png, id=235, 626.34pt x 481.8pt>
File: images/users_to_roles_diagram.png Graphic file (type png)

<use images/users_to_roles_diagram.png>
Package pdftex.def Info: images/users_to_roles_diagram.png used on input line 2
37.
(pdftex.def)             Requested size: 441.01773pt x 339.25734pt.
 [36 <./images/roles_permissions_diagram.png>] <images/database_diagram.png, id
=240, 727.21687pt x 480.29437pt>
File: images/database_diagram.png Graphic file (type png)

<use images/database_diagram.png>
Package pdftex.def Info: images/database_diagram.png used on input line 248.
(pdftex.def)             Requested size: 441.01773pt x 291.27887pt.
 [37 <./images/users_to_roles_diagram.png>]
<images/heatmap.png, id=246, 858.95906pt x 584.1825pt>
File: images/heatmap.png Graphic file (type png)

<use images/heatmap.png>
Package pdftex.def Info: images/heatmap.png used on input line 263.
(pdftex.def)             Requested size: 308.71106pt x 209.95789pt.
 [38 <./images/database_diagram.png>]
<images/path.png, id=251, 829.59938pt x 572.89032pt>
File: images/path.png Graphic file (type png)
 <use images/path.png>
Package pdftex.def Info: images/path.png used on input line 270.
(pdftex.def)             Requested size: 308.71106pt x 213.18117pt.

<images/mobil.png, id=252, 832.10875pt x 1636.1125pt>
File: images/mobil.png Graphic file (type png)
 <use images/mobil.png>
Package pdftex.def Info: images/mobil.png used on input line 285.
(pdftex.def)             Requested size: 308.71106pt x 606.99985pt.

[39 <./images/heatmap.png> <./images/path.png>] [40 <./images/mobil.png>]
Underfull \hbox (badness 10000) in paragraph at lines 294--296

 []


Underfull \hbox (badness 10000) in paragraph at lines 299--300

 []

[41]) (zaver.tex [42] [43

]) [44]
Underfull \hbox (badness 10000) in paragraph at lines 475--478
[]\T1/cmr/m/n/12 Michael P. Gal-la-her - Alan C. O'Connor - Brian Kropp,  \T1/c
mr/m/it/12 The
 []


Underfull \hbox (badness 10000) in paragraph at lines 475--478
\T1/cmr/m/it/12 Eco-no-mic Im-pact of Role-Based Ac-cess Con-trol\T1/cmr/m/n/12
 , Na-ti-onal Ins-ti-
 []


Underfull \hbox (badness 10000) in paragraph at lines 475--478
\T1/cmr/m/n/12 tute of Stan-dards and Tech-no-logy, 2002.Do-stupné na in-ter-ne
te:
 []

[45



]
Underfull \hbox (badness 10000) in paragraph at lines 523--524
[]\T1/cmr/m/n/12 PageSpeed In-sights [on-line] . Do-stupné na in-ter-nete: <htt
p-s//de-ve-lo-
 []

[46] [1

]
Underfull \hbox (badness 10000) in paragraph at lines 562--567

 []

[2] (Pavol_Martis.aux)

LaTeX Font Warning: Size substitutions with differences
(Font)              up to 1.26pt have occurred.

 ) 
Here is how much of TeX's memory you used:
 5614 strings out of 493634
 74575 string characters out of 3141314
 219353 words of memory out of 3000000
 8858 multiletter control sequences out of 15000+200000
 17667 words of font info for 38 fonts, out of 3000000 for 9000
 1025 hyphenation exceptions out of 8191
 28i,11n,51p,1615b,2175s stack positions out of 5000i,500n,10000p,200000b,50000s
 <C:\Users\palko\AppData\Local\MiKTeX\2.9\fonts\pk\ljfour\jknappen\ec\dpi600\
ecrm1000.pk> <C:\Users\palko\AppData\Local\MiKTeX\2.9\fonts\pk\ljfour\jknappen\
ec\dpi600\ecbx1440.pk> <C:\Users\palko\AppData\Local\MiKTeX\2.9\fonts\pk\ljfour
\jknappen\ec\dpi600\ecbx1728.pk> <C:\Users\palko\AppData\Local\MiKTeX\2.9\fonts
\pk\ljfour\jknappen\ec\dpi600\ecti1200.pk> <C:\Users\palko\AppData\Local\MiKTeX
\2.9\fonts\pk\ljfour\jknappen\ec\dpi600\ecbx2488.pk> <C:\Users\palko\AppData\Lo
cal\MiKTeX\2.9\fonts\pk\ljfour\jknappen\ec\dpi600\ecrm1095.pk> <C:\Users\palko\
AppData\Local\MiKTeX\2.9\fonts\pk\ljfour\jknappen\ec\dpi600\ecbx1200.pk> <C:\Us
ers\palko\AppData\Local\MiKTeX\2.9\fonts\pk\ljfour\jknappen\ec\dpi600\ecbx2074.
pk> <C:\Users\palko\AppData\Local\MiKTeX\2.9\fonts\pk\ljfour\jknappen\ec\dpi600
\ecrm1728.pk> <C:\Users\palko\AppData\Local\MiKTeX\2.9\fonts\pk\ljfour\jknappen
\ec\dpi600\ecrm2074.pk> <C:\Users\palko\AppData\Local\MiKTeX\2.9\fonts\pk\ljfou
r\jknappen\ec\dpi600\ecrm1200.pk> <C:\Users\palko\AppData\Local\MiKTeX\2.9\font
s\pk\ljfour\jknappen\ec\dpi600\eccc1440.pk><C:/Program Files (x86)/MiKTeX 2.9/f
onts/type1/public/amsfonts/cm/cmmi12.pfb><C:/Program Files (x86)/MiKTeX 2.9/fon
ts/type1/public/amsfonts/cm/cmmi8.pfb><C:/Program Files (x86)/MiKTeX 2.9/fonts/
type1/public/amsfonts/cm/cmr12.pfb><C:/Program Files (x86)/MiKTeX 2.9/fonts/typ
e1/public/amsfonts/cm/cmr8.pfb><C:/Program Files (x86)/MiKTeX 2.9/fonts/type1/p
ublic/amsfonts/cm/cmsy10.pfb>
Output written on Pavol_Martis.pdf (60 pages, 2487715 bytes).
PDF statistics:
 876 PDF objects out of 1000 (max. 8388607)
 0 named destinations out of 1000 (max. 500000)
 196 words of extra memory for PDF output out of 10000 (max. 10000000)

